<?xml version="1.0" encoding="UTF-8"?>
<testsuite name="com.example.project.TestSearch" tests="8" skipped="0" failures="0" errors="0" timestamp="2025-03-12T12:46:27" hostname="codespaces-7f617a" time="0.133">
  <properties/>
  <testcase name="testLinearSearchFoundList()" classname="com.example.project.TestSearch" time="0.014"/>
  <testcase name="testLinearSearchFirstArrayList()" classname="com.example.project.TestSearch" time="0.018"/>
  <testcase name="testLinearSearchFoundArray()" classname="com.example.project.TestSearch" time="0.0"/>
  <testcase name="testLinearSearchCountList()" classname="com.example.project.TestSearch" time="0.017"/>
  <testcase name="testLinearSearchCountArray()" classname="com.example.project.TestSearch" time="0.01"/>
  <testcase name="testLinearSearchLastArray()" classname="com.example.project.TestSearch" time="0.001"/>
  <testcase name="testLinearSearchFirstArray()" classname="com.example.project.TestSearch" time="0.001"/>
  <testcase name="testLinearSearchLastList()" classname="com.example.project.TestSearch" time="0.007"/>
  <system-out><![CDATA[]]></system-out>
  <system-err><![CDATA[]]></system-err>
</testsuite>
